<?xml version="1.0" encoding="UTF-8"?>
<!-- Generated by org.testng.reporters.JUnitReportReporter -->
<testsuite hostname="DELL-PC" failures="0" tests="1" name="stepDefination.TestRun" time="60.713" errors="0" timestamp="2020-06-05T08:40:49 IST" skipped="0">
  <testcase classname="stepDefination.TestRun" name="feature" time="60.713"/>
  <system-out/>
</testsuite> <!-- stepDefination.TestRun -->
