<?xml version="1.0" encoding="UTF-8"?>
<!-- Generated by org.testng.reporters.JUnitReportReporter -->
<testsuite hostname="sys" name="stepDefination.TestRun" tests="1" failures="0" timestamp="3 Jun 2020 07:32:15 GMT" time="62.001" errors="0">
  <testcase name="feature" time="62.001" classname="stepDefination.TestRun"/>
</testsuite> <!-- stepDefination.TestRun -->
